2019-09-25 08:01:44,855 INFO com.sba.ProjectManagerServiceApplication [restartedMain] Starting ProjectManagerServiceApplication on souravs-MacBook-Pro-2.local with PID 672 (/Users/sourav/git/sba2/ProjectManagerService/target/classes started by sourav in /Users/sourav/git/sba2/ProjectManagerService)
2019-09-25 08:01:44,857 DEBUG com.sba.ProjectManagerServiceApplication [restartedMain] Running with Spring Boot v2.1.8.RELEASE, Spring v5.1.9.RELEASE
2019-09-25 08:01:44,858 INFO com.sba.ProjectManagerServiceApplication [restartedMain] No active profile set, falling back to default profiles: default
2019-09-25 08:01:46,336 INFO org.apache.catalina.core.StandardService [restartedMain] Starting service [Tomcat]
2019-09-25 08:01:46,337 INFO org.apache.catalina.core.StandardEngine [restartedMain] Starting Servlet engine: [Apache Tomcat/9.0.24]
2019-09-25 08:01:46,470 INFO org.apache.catalina.core.ContainerBase.[Tomcat].[localhost].[/] [restartedMain] Initializing Spring embedded WebApplicationContext
2019-09-25 08:01:46,797 INFO com.sba.filter.SimpleCORSFilter [restartedMain] SimpleCORSFilter init
2019-09-25 08:01:46,911 INFO com.zaxxer.hikari.HikariDataSource [restartedMain] HikariPool-1 - Starting...
2019-09-25 08:01:47,070 INFO com.zaxxer.hikari.HikariDataSource [restartedMain] HikariPool-1 - Start completed.
2019-09-25 08:01:47,110 INFO org.hibernate.jpa.internal.util.LogHelper [restartedMain] HHH000204: Processing PersistenceUnitInfo [
	name: default
	...]
2019-09-25 08:01:47,163 INFO org.hibernate.Version [restartedMain] HHH000412: Hibernate Core {5.3.11.Final}
2019-09-25 08:01:47,164 INFO org.hibernate.cfg.Environment [restartedMain] HHH000206: hibernate.properties not found
2019-09-25 08:01:47,284 INFO org.hibernate.annotations.common.Version [restartedMain] HCANN000001: Hibernate Commons Annotations {5.0.4.Final}
2019-09-25 08:01:47,400 INFO org.hibernate.dialect.Dialect [restartedMain] HHH000400: Using dialect: org.hibernate.dialect.MySQL5Dialect
2019-09-25 08:01:47,978 INFO org.hibernate.hql.internal.QueryTranslatorFactoryInitiator [restartedMain] HHH000397: Using ASTQueryTranslatorFactory
2019-09-25 08:01:49,077 INFO com.sba.ProjectManagerServiceApplication [restartedMain] Started ProjectManagerServiceApplication in 4.452 seconds (JVM running for 4.796)
2019-09-25 08:02:19,588 INFO org.apache.catalina.core.ContainerBase.[Tomcat].[localhost].[/] [http-nio-8080-exec-2] Initializing Spring DispatcherServlet 'dispatcherServlet'
2019-09-25 08:05:17,767 INFO com.zaxxer.hikari.HikariDataSource [Thread-5] HikariPool-1 - Shutdown initiated...
2019-09-25 08:05:17,775 INFO com.zaxxer.hikari.HikariDataSource [Thread-5] HikariPool-1 - Shutdown completed.
2019-09-25 08:05:17,985 INFO com.sba.ProjectManagerServiceApplication [restartedMain] Starting ProjectManagerServiceApplication on souravs-MacBook-Pro-2.local with PID 672 (/Users/sourav/git/sba2/ProjectManagerService/target/classes started by sourav in /Users/sourav/git/sba2/ProjectManagerService)
2019-09-25 08:05:17,985 DEBUG com.sba.ProjectManagerServiceApplication [restartedMain] Running with Spring Boot v2.1.8.RELEASE, Spring v5.1.9.RELEASE
2019-09-25 08:05:17,986 INFO com.sba.ProjectManagerServiceApplication [restartedMain] No active profile set, falling back to default profiles: default
2019-09-25 08:05:18,450 INFO org.apache.catalina.core.StandardService [restartedMain] Starting service [Tomcat]
2019-09-25 08:05:18,450 INFO org.apache.catalina.core.StandardEngine [restartedMain] Starting Servlet engine: [Apache Tomcat/9.0.24]
2019-09-25 08:05:18,455 INFO org.apache.catalina.core.ContainerBase.[Tomcat].[localhost].[/] [restartedMain] Initializing Spring embedded WebApplicationContext
2019-09-25 08:05:18,579 INFO com.sba.filter.SimpleCORSFilter [restartedMain] SimpleCORSFilter init
2019-09-25 08:05:18,612 INFO com.zaxxer.hikari.HikariDataSource [restartedMain] HikariPool-2 - Starting...
2019-09-25 08:05:18,615 INFO com.zaxxer.hikari.HikariDataSource [restartedMain] HikariPool-2 - Start completed.
2019-09-25 08:05:18,620 INFO org.hibernate.jpa.internal.util.LogHelper [restartedMain] HHH000204: Processing PersistenceUnitInfo [
	name: default
	...]
2019-09-25 08:05:18,625 INFO org.hibernate.dialect.Dialect [restartedMain] HHH000400: Using dialect: org.hibernate.dialect.MySQL5Dialect
2019-09-25 08:05:18,687 INFO org.hibernate.hql.internal.QueryTranslatorFactoryInitiator [restartedMain] HHH000397: Using ASTQueryTranslatorFactory
2019-09-25 08:05:18,988 INFO com.sba.ProjectManagerServiceApplication [restartedMain] Started ProjectManagerServiceApplication in 1.031 seconds (JVM running for 214.708)
2019-09-25 08:05:49,072 INFO org.apache.catalina.core.ContainerBase.[Tomcat].[localhost].[/] [http-nio-8080-exec-2] Initializing Spring DispatcherServlet 'dispatcherServlet'
2019-09-25 08:08:41,342 INFO com.zaxxer.hikari.HikariDataSource [Thread-16] HikariPool-2 - Shutdown initiated...
2019-09-25 08:08:41,346 INFO com.zaxxer.hikari.HikariDataSource [Thread-16] HikariPool-2 - Shutdown completed.
2019-09-25 08:08:54,651 INFO com.sba.ProjectManagerServiceApplication [restartedMain] Starting ProjectManagerServiceApplication on souravs-MacBook-Pro-2.local with PID 917 (/Users/sourav/git/sba2/ProjectManagerService/target/classes started by sourav in /Users/sourav/git/sba2/ProjectManagerService)
2019-09-25 08:08:54,656 DEBUG com.sba.ProjectManagerServiceApplication [restartedMain] Running with Spring Boot v2.1.8.RELEASE, Spring v5.1.9.RELEASE
2019-09-25 08:08:54,656 INFO com.sba.ProjectManagerServiceApplication [restartedMain] No active profile set, falling back to default profiles: default
2019-09-25 08:09:44,236 INFO com.sba.ProjectManagerServiceApplication [restartedMain] Starting ProjectManagerServiceApplication on souravs-MacBook-Pro-2.local with PID 944 (/Users/sourav/git/sba2/ProjectManagerService/target/classes started by sourav in /Users/sourav/git/sba2/ProjectManagerService)
2019-09-25 08:09:44,242 DEBUG com.sba.ProjectManagerServiceApplication [restartedMain] Running with Spring Boot v2.1.8.RELEASE, Spring v5.1.9.RELEASE
2019-09-25 08:09:44,243 INFO com.sba.ProjectManagerServiceApplication [restartedMain] No active profile set, falling back to default profiles: default
2019-09-25 08:09:56,159 INFO com.sba.ProjectManagerServiceApplication [restartedMain] Starting ProjectManagerServiceApplication on souravs-MacBook-Pro-2.local with PID 952 (/Users/sourav/git/sba2/ProjectManagerService/target/classes started by sourav in /Users/sourav/git/sba2/ProjectManagerService)
2019-09-25 08:09:56,161 DEBUG com.sba.ProjectManagerServiceApplication [restartedMain] Running with Spring Boot v2.1.8.RELEASE, Spring v5.1.9.RELEASE
2019-09-25 08:09:56,161 INFO com.sba.ProjectManagerServiceApplication [restartedMain] No active profile set, falling back to default profiles: default
2019-09-25 08:09:57,359 INFO org.apache.catalina.core.StandardService [restartedMain] Starting service [Tomcat]
2019-09-25 08:09:57,359 INFO org.apache.catalina.core.StandardEngine [restartedMain] Starting Servlet engine: [Apache Tomcat/9.0.24]
2019-09-25 08:09:57,434 INFO org.apache.catalina.core.ContainerBase.[Tomcat].[localhost].[/] [restartedMain] Initializing Spring embedded WebApplicationContext
2019-09-25 08:09:57,693 INFO com.sba.filter.SimpleCORSFilter [restartedMain] SimpleCORSFilter init
2019-09-25 08:09:57,777 INFO com.zaxxer.hikari.HikariDataSource [restartedMain] HikariPool-1 - Starting...
2019-09-25 08:09:57,927 INFO com.zaxxer.hikari.HikariDataSource [restartedMain] HikariPool-1 - Start completed.
2019-09-25 08:09:57,958 INFO org.hibernate.jpa.internal.util.LogHelper [restartedMain] HHH000204: Processing PersistenceUnitInfo [
	name: default
	...]
2019-09-25 08:09:57,997 INFO org.hibernate.Version [restartedMain] HHH000412: Hibernate Core {5.3.11.Final}
2019-09-25 08:09:57,997 INFO org.hibernate.cfg.Environment [restartedMain] HHH000206: hibernate.properties not found
2019-09-25 08:09:58,076 INFO org.hibernate.annotations.common.Version [restartedMain] HCANN000001: Hibernate Commons Annotations {5.0.4.Final}
2019-09-25 08:09:58,157 INFO org.hibernate.dialect.Dialect [restartedMain] HHH000400: Using dialect: org.hibernate.dialect.MySQL5Dialect
2019-09-25 08:09:58,581 INFO org.hibernate.hql.internal.QueryTranslatorFactoryInitiator [restartedMain] HHH000397: Using ASTQueryTranslatorFactory
2019-09-25 08:09:59,374 INFO com.sba.ProjectManagerServiceApplication [restartedMain] Started ProjectManagerServiceApplication in 3.432 seconds (JVM running for 3.881)
2019-09-25 08:09:59,985 INFO org.apache.catalina.core.ContainerBase.[Tomcat].[localhost].[/] [RMI TCP Connection(1)-127.0.0.1] Initializing Spring DispatcherServlet 'dispatcherServlet'
2019-09-25 08:44:07,128 INFO com.zaxxer.hikari.HikariDataSource [RMI TCP Connection(3)-127.0.0.1] HikariPool-1 - Shutdown initiated...
2019-09-25 08:44:07,131 INFO com.zaxxer.hikari.HikariDataSource [RMI TCP Connection(3)-127.0.0.1] HikariPool-1 - Shutdown completed.
2019-09-25 08:45:23,981 INFO com.sba.ProjectManagerServiceApplication [restartedMain] Starting ProjectManagerServiceApplication on souravs-MacBook-Pro-2.local with PID 1217 (/Users/sourav/git/sba2/ProjectManagerService/target/classes started by sourav in /Users/sourav/git/sba2/ProjectManagerService)
2019-09-25 08:45:23,982 DEBUG com.sba.ProjectManagerServiceApplication [restartedMain] Running with Spring Boot v2.1.8.RELEASE, Spring v5.1.9.RELEASE
2019-09-25 08:45:23,983 INFO com.sba.ProjectManagerServiceApplication [restartedMain] No active profile set, falling back to default profiles: default
2019-09-25 08:45:24,950 INFO org.apache.catalina.core.StandardService [restartedMain] Starting service [Tomcat]
2019-09-25 08:45:24,951 INFO org.apache.catalina.core.StandardEngine [restartedMain] Starting Servlet engine: [Apache Tomcat/9.0.24]
2019-09-25 08:45:25,014 INFO org.apache.catalina.core.ContainerBase.[Tomcat].[localhost].[/] [restartedMain] Initializing Spring embedded WebApplicationContext
2019-09-25 08:45:25,244 INFO com.sba.filter.SimpleCORSFilter [restartedMain] SimpleCORSFilter init
2019-09-25 08:45:25,318 INFO com.zaxxer.hikari.HikariDataSource [restartedMain] HikariPool-1 - Starting...
2019-09-25 08:45:25,449 INFO com.zaxxer.hikari.HikariDataSource [restartedMain] HikariPool-1 - Start completed.
2019-09-25 08:45:25,477 INFO org.hibernate.jpa.internal.util.LogHelper [restartedMain] HHH000204: Processing PersistenceUnitInfo [
	name: default
	...]
2019-09-25 08:45:25,510 INFO org.hibernate.Version [restartedMain] HHH000412: Hibernate Core {5.3.11.Final}
2019-09-25 08:45:25,511 INFO org.hibernate.cfg.Environment [restartedMain] HHH000206: hibernate.properties not found
2019-09-25 08:45:25,580 INFO org.hibernate.annotations.common.Version [restartedMain] HCANN000001: Hibernate Commons Annotations {5.0.4.Final}
2019-09-25 08:45:25,650 INFO org.hibernate.dialect.Dialect [restartedMain] HHH000400: Using dialect: org.hibernate.dialect.MySQL5Dialect
2019-09-25 08:45:25,992 INFO org.hibernate.hql.internal.QueryTranslatorFactoryInitiator [restartedMain] HHH000397: Using ASTQueryTranslatorFactory
2019-09-25 08:45:26,678 INFO com.sba.ProjectManagerServiceApplication [restartedMain] Started ProjectManagerServiceApplication in 2.868 seconds (JVM running for 3.217)
2019-09-25 08:45:31,313 INFO org.apache.catalina.core.ContainerBase.[Tomcat].[localhost].[/] [RMI TCP Connection(1)-127.0.0.1] Initializing Spring DispatcherServlet 'dispatcherServlet'
2019-09-25 08:47:22,828 INFO com.zaxxer.hikari.HikariDataSource [Thread-5] HikariPool-1 - Shutdown initiated...
2019-09-25 08:47:22,831 INFO com.zaxxer.hikari.HikariDataSource [Thread-5] HikariPool-1 - Shutdown completed.
2019-09-25 08:47:23,246 INFO com.sba.ProjectManagerServiceApplication [restartedMain] Starting ProjectManagerServiceApplication on souravs-MacBook-Pro-2.local with PID 1217 (/Users/sourav/git/sba2/ProjectManagerService/target/classes started by sourav in /Users/sourav/git/sba2/ProjectManagerService)
2019-09-25 08:47:23,246 DEBUG com.sba.ProjectManagerServiceApplication [restartedMain] Running with Spring Boot v2.1.8.RELEASE, Spring v5.1.9.RELEASE
2019-09-25 08:47:23,246 INFO com.sba.ProjectManagerServiceApplication [restartedMain] No active profile set, falling back to default profiles: default
2019-09-25 08:47:23,527 INFO org.apache.catalina.core.StandardService [restartedMain] Starting service [Tomcat]
2019-09-25 08:47:23,527 INFO org.apache.catalina.core.StandardEngine [restartedMain] Starting Servlet engine: [Apache Tomcat/9.0.24]
2019-09-25 08:47:23,532 INFO org.apache.catalina.core.ContainerBase.[Tomcat].[localhost].[/] [restartedMain] Initializing Spring embedded WebApplicationContext
2019-09-25 08:47:23,632 INFO com.sba.filter.SimpleCORSFilter [restartedMain] SimpleCORSFilter init
2019-09-25 08:47:23,667 INFO com.zaxxer.hikari.HikariDataSource [restartedMain] HikariPool-2 - Starting...
2019-09-25 08:47:23,669 INFO com.zaxxer.hikari.HikariDataSource [restartedMain] HikariPool-2 - Start completed.
2019-09-25 08:47:23,674 INFO org.hibernate.jpa.internal.util.LogHelper [restartedMain] HHH000204: Processing PersistenceUnitInfo [
	name: default
	...]
2019-09-25 08:47:23,678 INFO org.hibernate.dialect.Dialect [restartedMain] HHH000400: Using dialect: org.hibernate.dialect.MySQL5Dialect
2019-09-25 08:47:23,730 INFO org.hibernate.hql.internal.QueryTranslatorFactoryInitiator [restartedMain] HHH000397: Using ASTQueryTranslatorFactory
2019-09-25 08:47:24,011 INFO com.sba.ProjectManagerServiceApplication [restartedMain] Started ProjectManagerServiceApplication in 0.976 seconds (JVM running for 120.55)
2019-09-25 08:47:27,006 INFO org.apache.catalina.core.ContainerBase.[Tomcat].[localhost].[/] [RMI TCP Connection(1)-127.0.0.1] Initializing Spring DispatcherServlet 'dispatcherServlet'
2019-09-25 08:49:57,430 INFO com.zaxxer.hikari.HikariDataSource [Thread-11] HikariPool-2 - Shutdown initiated...
2019-09-25 08:49:57,434 INFO com.zaxxer.hikari.HikariDataSource [Thread-11] HikariPool-2 - Shutdown completed.
2019-09-25 08:49:57,806 INFO com.sba.ProjectManagerServiceApplication [restartedMain] Starting ProjectManagerServiceApplication on souravs-MacBook-Pro-2.local with PID 1217 (/Users/sourav/git/sba2/ProjectManagerService/target/classes started by sourav in /Users/sourav/git/sba2/ProjectManagerService)
2019-09-25 08:49:57,806 DEBUG com.sba.ProjectManagerServiceApplication [restartedMain] Running with Spring Boot v2.1.8.RELEASE, Spring v5.1.9.RELEASE
2019-09-25 08:49:57,806 INFO com.sba.ProjectManagerServiceApplication [restartedMain] No active profile set, falling back to default profiles: default
2019-09-25 08:49:58,103 INFO org.apache.catalina.core.StandardService [restartedMain] Starting service [Tomcat]
2019-09-25 08:49:58,103 INFO org.apache.catalina.core.StandardEngine [restartedMain] Starting Servlet engine: [Apache Tomcat/9.0.24]
2019-09-25 08:49:58,107 INFO org.apache.catalina.core.ContainerBase.[Tomcat].[localhost].[/] [restartedMain] Initializing Spring embedded WebApplicationContext
2019-09-25 08:49:58,210 INFO com.sba.filter.SimpleCORSFilter [restartedMain] SimpleCORSFilter init
2019-09-25 08:49:58,247 INFO com.zaxxer.hikari.HikariDataSource [restartedMain] HikariPool-3 - Starting...
2019-09-25 08:49:58,250 INFO com.zaxxer.hikari.HikariDataSource [restartedMain] HikariPool-3 - Start completed.
2019-09-25 08:49:58,255 INFO org.hibernate.jpa.internal.util.LogHelper [restartedMain] HHH000204: Processing PersistenceUnitInfo [
	name: default
	...]
2019-09-25 08:49:58,259 INFO org.hibernate.dialect.Dialect [restartedMain] HHH000400: Using dialect: org.hibernate.dialect.MySQL5Dialect
2019-09-25 08:49:58,307 INFO org.hibernate.hql.internal.QueryTranslatorFactoryInitiator [restartedMain] HHH000397: Using ASTQueryTranslatorFactory
2019-09-25 08:49:58,611 INFO com.sba.ProjectManagerServiceApplication [restartedMain] Started ProjectManagerServiceApplication in 0.986 seconds (JVM running for 275.15)
2019-09-25 08:50:02,832 INFO org.apache.catalina.core.ContainerBase.[Tomcat].[localhost].[/] [RMI TCP Connection(1)-127.0.0.1] Initializing Spring DispatcherServlet 'dispatcherServlet'
2019-09-25 08:53:23,442 INFO com.zaxxer.hikari.HikariDataSource [Thread-17] HikariPool-3 - Shutdown initiated...
2019-09-25 08:53:23,445 INFO com.zaxxer.hikari.HikariDataSource [Thread-17] HikariPool-3 - Shutdown completed.
2019-09-25 08:53:23,791 INFO com.sba.ProjectManagerServiceApplication [restartedMain] Starting ProjectManagerServiceApplication on souravs-MacBook-Pro-2.local with PID 1217 (/Users/sourav/git/sba2/ProjectManagerService/target/classes started by sourav in /Users/sourav/git/sba2/ProjectManagerService)
2019-09-25 08:53:23,791 DEBUG com.sba.ProjectManagerServiceApplication [restartedMain] Running with Spring Boot v2.1.8.RELEASE, Spring v5.1.9.RELEASE
2019-09-25 08:53:23,791 INFO com.sba.ProjectManagerServiceApplication [restartedMain] No active profile set, falling back to default profiles: default
2019-09-25 08:53:24,059 INFO org.apache.catalina.core.StandardService [restartedMain] Starting service [Tomcat]
2019-09-25 08:53:24,059 INFO org.apache.catalina.core.StandardEngine [restartedMain] Starting Servlet engine: [Apache Tomcat/9.0.24]
2019-09-25 08:53:24,065 INFO org.apache.catalina.core.ContainerBase.[Tomcat].[localhost].[/] [restartedMain] Initializing Spring embedded WebApplicationContext
2019-09-25 08:53:24,149 INFO com.sba.filter.SimpleCORSFilter [restartedMain] SimpleCORSFilter init
2019-09-25 08:53:24,184 INFO com.zaxxer.hikari.HikariDataSource [restartedMain] HikariPool-4 - Starting...
2019-09-25 08:53:24,188 INFO com.zaxxer.hikari.HikariDataSource [restartedMain] HikariPool-4 - Start completed.
2019-09-25 08:53:24,192 INFO org.hibernate.jpa.internal.util.LogHelper [restartedMain] HHH000204: Processing PersistenceUnitInfo [
	name: default
	...]
2019-09-25 08:53:24,196 INFO org.hibernate.dialect.Dialect [restartedMain] HHH000400: Using dialect: org.hibernate.dialect.MySQL5Dialect
2019-09-25 08:53:24,241 INFO org.hibernate.hql.internal.QueryTranslatorFactoryInitiator [restartedMain] HHH000397: Using ASTQueryTranslatorFactory
2019-09-25 08:53:24,483 INFO com.sba.ProjectManagerServiceApplication [restartedMain] Started ProjectManagerServiceApplication in 0.868 seconds (JVM running for 481.021)
2019-09-25 08:53:28,413 INFO org.apache.catalina.core.ContainerBase.[Tomcat].[localhost].[/] [http-nio-8080-exec-2] Initializing Spring DispatcherServlet 'dispatcherServlet'
2019-09-25 08:55:06,573 INFO com.zaxxer.hikari.HikariDataSource [Thread-23] HikariPool-4 - Shutdown initiated...
2019-09-25 08:55:06,577 INFO com.zaxxer.hikari.HikariDataSource [Thread-23] HikariPool-4 - Shutdown completed.
2019-09-25 08:55:06,779 INFO com.sba.ProjectManagerServiceApplication [restartedMain] Starting ProjectManagerServiceApplication on souravs-MacBook-Pro-2.local with PID 1217 (/Users/sourav/git/sba2/ProjectManagerService/target/classes started by sourav in /Users/sourav/git/sba2/ProjectManagerService)
2019-09-25 08:55:06,779 DEBUG com.sba.ProjectManagerServiceApplication [restartedMain] Running with Spring Boot v2.1.8.RELEASE, Spring v5.1.9.RELEASE
2019-09-25 08:55:06,779 INFO com.sba.ProjectManagerServiceApplication [restartedMain] No active profile set, falling back to default profiles: default
2019-09-25 08:55:07,075 INFO org.apache.catalina.core.StandardService [restartedMain] Starting service [Tomcat]
2019-09-25 08:55:07,075 INFO org.apache.catalina.core.StandardEngine [restartedMain] Starting Servlet engine: [Apache Tomcat/9.0.24]
2019-09-25 08:55:07,079 INFO org.apache.catalina.core.ContainerBase.[Tomcat].[localhost].[/] [restartedMain] Initializing Spring embedded WebApplicationContext
2019-09-25 08:55:07,170 INFO com.sba.filter.SimpleCORSFilter [restartedMain] SimpleCORSFilter init
2019-09-25 08:55:07,195 INFO com.zaxxer.hikari.HikariDataSource [restartedMain] HikariPool-5 - Starting...
2019-09-25 08:55:07,198 INFO com.zaxxer.hikari.HikariDataSource [restartedMain] HikariPool-5 - Start completed.
2019-09-25 08:55:07,202 INFO org.hibernate.jpa.internal.util.LogHelper [restartedMain] HHH000204: Processing PersistenceUnitInfo [
	name: default
	...]
2019-09-25 08:55:07,206 INFO org.hibernate.dialect.Dialect [restartedMain] HHH000400: Using dialect: org.hibernate.dialect.MySQL5Dialect
2019-09-25 08:55:07,248 INFO org.hibernate.hql.internal.QueryTranslatorFactoryInitiator [restartedMain] HHH000397: Using ASTQueryTranslatorFactory
2019-09-25 08:55:07,532 INFO com.sba.ProjectManagerServiceApplication [restartedMain] Started ProjectManagerServiceApplication in 0.766 seconds (JVM running for 584.07)
2019-09-25 08:55:09,431 INFO org.apache.catalina.core.ContainerBase.[Tomcat].[localhost].[/] [RMI TCP Connection(1)-127.0.0.1] Initializing Spring DispatcherServlet 'dispatcherServlet'
2019-09-25 08:57:41,964 INFO com.zaxxer.hikari.HikariDataSource [Thread-29] HikariPool-5 - Shutdown initiated...
2019-09-25 08:57:41,967 INFO com.zaxxer.hikari.HikariDataSource [Thread-29] HikariPool-5 - Shutdown completed.
2019-09-25 08:57:42,261 INFO com.sba.ProjectManagerServiceApplication [restartedMain] Starting ProjectManagerServiceApplication on souravs-MacBook-Pro-2.local with PID 1217 (/Users/sourav/git/sba2/ProjectManagerService/target/classes started by sourav in /Users/sourav/git/sba2/ProjectManagerService)
2019-09-25 08:57:42,262 DEBUG com.sba.ProjectManagerServiceApplication [restartedMain] Running with Spring Boot v2.1.8.RELEASE, Spring v5.1.9.RELEASE
2019-09-25 08:57:42,262 INFO com.sba.ProjectManagerServiceApplication [restartedMain] No active profile set, falling back to default profiles: default
2019-09-25 08:57:42,543 INFO org.apache.catalina.core.StandardService [restartedMain] Starting service [Tomcat]
2019-09-25 08:57:42,543 INFO org.apache.catalina.core.StandardEngine [restartedMain] Starting Servlet engine: [Apache Tomcat/9.0.24]
2019-09-25 08:57:42,547 INFO org.apache.catalina.core.ContainerBase.[Tomcat].[localhost].[/] [restartedMain] Initializing Spring embedded WebApplicationContext
2019-09-25 08:57:42,644 INFO com.sba.filter.SimpleCORSFilter [restartedMain] SimpleCORSFilter init
2019-09-25 08:57:42,676 INFO com.zaxxer.hikari.HikariDataSource [restartedMain] HikariPool-6 - Starting...
2019-09-25 08:57:42,679 INFO com.zaxxer.hikari.HikariDataSource [restartedMain] HikariPool-6 - Start completed.
2019-09-25 08:57:42,683 INFO org.hibernate.jpa.internal.util.LogHelper [restartedMain] HHH000204: Processing PersistenceUnitInfo [
	name: default
	...]
2019-09-25 08:57:42,687 INFO org.hibernate.dialect.Dialect [restartedMain] HHH000400: Using dialect: org.hibernate.dialect.MySQL5Dialect
2019-09-25 08:57:42,726 INFO org.hibernate.hql.internal.QueryTranslatorFactoryInitiator [restartedMain] HHH000397: Using ASTQueryTranslatorFactory
2019-09-25 08:57:42,961 INFO com.sba.ProjectManagerServiceApplication [restartedMain] Started ProjectManagerServiceApplication in 0.838 seconds (JVM running for 739.499)
2019-09-25 08:57:45,221 INFO org.apache.catalina.core.ContainerBase.[Tomcat].[localhost].[/] [RMI TCP Connection(1)-127.0.0.1] Initializing Spring DispatcherServlet 'dispatcherServlet'
2019-09-25 08:59:13,986 INFO com.zaxxer.hikari.HikariDataSource [Thread-35] HikariPool-6 - Shutdown initiated...
2019-09-25 08:59:13,988 INFO com.zaxxer.hikari.HikariDataSource [Thread-35] HikariPool-6 - Shutdown completed.
2019-09-25 08:59:14,206 INFO com.sba.ProjectManagerServiceApplication [restartedMain] Starting ProjectManagerServiceApplication on souravs-MacBook-Pro-2.local with PID 1217 (/Users/sourav/git/sba2/ProjectManagerService/target/classes started by sourav in /Users/sourav/git/sba2/ProjectManagerService)
2019-09-25 08:59:14,207 DEBUG com.sba.ProjectManagerServiceApplication [restartedMain] Running with Spring Boot v2.1.8.RELEASE, Spring v5.1.9.RELEASE
2019-09-25 08:59:14,207 INFO com.sba.ProjectManagerServiceApplication [restartedMain] No active profile set, falling back to default profiles: default
2019-09-25 08:59:14,577 INFO org.apache.catalina.core.StandardService [restartedMain] Starting service [Tomcat]
2019-09-25 08:59:14,577 INFO org.apache.catalina.core.StandardEngine [restartedMain] Starting Servlet engine: [Apache Tomcat/9.0.24]
2019-09-25 08:59:14,581 INFO org.apache.catalina.core.ContainerBase.[Tomcat].[localhost].[/] [restartedMain] Initializing Spring embedded WebApplicationContext
2019-09-25 08:59:14,685 INFO com.sba.filter.SimpleCORSFilter [restartedMain] SimpleCORSFilter init
2019-09-25 08:59:14,718 INFO com.zaxxer.hikari.HikariDataSource [restartedMain] HikariPool-7 - Starting...
2019-09-25 08:59:14,721 INFO com.zaxxer.hikari.HikariDataSource [restartedMain] HikariPool-7 - Start completed.
2019-09-25 08:59:14,725 INFO org.hibernate.jpa.internal.util.LogHelper [restartedMain] HHH000204: Processing PersistenceUnitInfo [
	name: default
	...]
2019-09-25 08:59:14,729 INFO org.hibernate.dialect.Dialect [restartedMain] HHH000400: Using dialect: org.hibernate.dialect.MySQL5Dialect
2019-09-25 08:59:14,766 INFO org.hibernate.hql.internal.QueryTranslatorFactoryInitiator [restartedMain] HHH000397: Using ASTQueryTranslatorFactory
2019-09-25 08:59:15,004 INFO com.sba.ProjectManagerServiceApplication [restartedMain] Started ProjectManagerServiceApplication in 0.814 seconds (JVM running for 831.542)
2019-09-25 08:59:15,649 INFO org.apache.catalina.core.ContainerBase.[Tomcat].[localhost].[/] [RMI TCP Connection(1)-127.0.0.1] Initializing Spring DispatcherServlet 'dispatcherServlet'
